# JRE version: OpenJDK Runtime Environment (17.0.6) (build 17.0.6+0-b2043.56-10027231)
# Java VM: OpenJDK 64-Bit Server VM (17.0.6+0-b2043.56-10027231, mixed mode, tiered, compressed oops, compressed class ptrs, g1 gc, windows-amd64)
GC Precious Log:
 CPUs: 8 total, 8 available
 Memory: 32663M
 Large Page Support: Disabled
 NUMA Support: Disabled
 Compressed Oops: Enabled (32-bit)
 Heap Region Size: 1M
 Heap Min Capacity: 8M
 Heap Initial Capacity: 512M
 Heap Max Capacity: 2G
 Pre-touch: Disabled
 Parallel Workers: 8
 Concurrent Workers: 2
 Concurrent Refinement Workers: 8
 Periodic GC: Disabled
Heap:
 garbage-first heap   total 413696K, used 223914K [0x0000000080000000, 0x0000000100000000)
  region size 1024K, 9 young (9216K), 3 survivors (3072K)
 Metaspace       used 141618K, committed 142656K, reserved 1179648K
  class space    used 18932K, committed 19456K, reserved 1048576K
GC Heap History (20 events):
Event: 285.994 GC heap before
{Heap before GC invocations=52 (full 0):
 garbage-first heap   total 406528K, used 311444K [0x0000000080000000, 0x0000000100000000)
  region size 1024K, 84 young (86016K), 3 survivors (3072K)
 Metaspace       used 121174K, committed 122176K, reserved 1155072K
  class space    used 15914K, committed 16384K, reserved 1048576K
}
Event: 286.000 GC heap after
{Heap after GC invocations=53 (full 0):
 garbage-first heap   total 406528K, used 232186K [0x0000000080000000, 0x0000000100000000)
  region size 1024K, 6 young (6144K), 6 survivors (6144K)
 Metaspace       used 121174K, committed 122176K, reserved 1155072K
  class space    used 15914K, committed 16384K, reserved 1048576K
}
Event: 287.583 GC heap before
{Heap before GC invocations=54 (full 0):
 garbage-first heap   total 406528K, used 315130K [0x0000000080000000, 0x0000000100000000)
  region size 1024K, 91 young (93184K), 6 survivors (6144K)
 Metaspace       used 122525K, committed 123584K, reserved 1163264K
  class space    used 16087K, committed 16640K, reserved 1048576K
}
Event: 287.596 GC heap after
{Heap after GC invocations=55 (full 0):
 garbage-first heap   total 406528K, used 234892K [0x0000000080000000, 0x0000000100000000)
  region size 1024K, 12 young (12288K), 12 survivors (12288K)
 Metaspace       used 122525K, committed 123584K, reserved 1163264K
  class space    used 16087K, committed 16640K, reserved 1048576K
}
Event: 287.964 GC heap before
{Heap before GC invocations=55 (full 0):
 garbage-first heap   total 406528K, used 242060K [0x0000000080000000, 0x0000000100000000)
  region size 1024K, 19 young (19456K), 12 survivors (12288K)
 Metaspace       used 122535K, committed 123584K, reserved 1163264K
  class space    used 16088K, committed 16640K, reserved 1048576K
}
Event: 287.977 GC heap after
{Heap after GC invocations=56 (full 0):
 garbage-first heap   total 406528K, used 217354K [0x0000000080000000, 0x0000000100000000)
  region size 1024K, 3 young (3072K), 3 survivors (3072K)
 Metaspace       used 122535K, committed 123584K, reserved 1163264K
  class space    used 16088K, committed 16640K, reserved 1048576K
}
Event: 289.702 GC heap before
{Heap before GC invocations=56 (full 0):
 garbage-first heap   total 406528K, used 316682K [0x0000000080000000, 0x0000000100000000)
  region size 1024K, 101 young (103424K), 3 survivors (3072K)
 Metaspace       used 128729K, committed 129792K, reserved 1163264K
  class space    used 16992K, committed 17536K, reserved 1048576K
}
Event: 289.719 GC heap after
{Heap after GC invocations=57 (full 0):
 garbage-first heap   total 406528K, used 226312K [0x0000000080000000, 0x0000000100000000)
  region size 1024K, 12 young (12288K), 12 survivors (12288K)
 Metaspace       used 128729K, committed 129792K, reserved 1163264K
  class space    used 16992K, committed 17536K, reserved 1048576K
}
Event: 292.286 GC heap before
{Heap before GC invocations=58 (full 0):
 garbage-first heap   total 413696K, used 323592K [0x0000000080000000, 0x0000000100000000)
  region size 1024K, 107 young (109568K), 12 survivors (12288K)
 Metaspace       used 136579K, committed 137728K, reserved 1171456K
  class space    used 18397K, committed 18944K, reserved 1048576K
}
Event: 292.304 GC heap after
{Heap after GC invocations=59 (full 0):
 garbage-first heap   total 413696K, used 226300K [0x0000000080000000, 0x0000000100000000)
  region size 1024K, 5 young (5120K), 5 survivors (5120K)
 Metaspace       used 136579K, committed 137728K, reserved 1171456K
  class space    used 18397K, committed 18944K, reserved 1048576K
}
Event: 292.864 GC heap before
{Heap before GC invocations=59 (full 0):
 garbage-first heap   total 413696K, used 241660K [0x0000000080000000, 0x0000000100000000)
  region size 1024K, 20 young (20480K), 5 survivors (5120K)
 Metaspace       used 137363K, committed 138496K, reserved 1171456K
  class space    used 18508K, committed 19072K, reserved 1048576K
}
Event: 292.874 GC heap after
{Heap after GC invocations=60 (full 0):
 garbage-first heap   total 413696K, used 221912K [0x0000000080000000, 0x0000000100000000)
  region size 1024K, 1 young (1024K), 1 survivors (1024K)
 Metaspace       used 137363K, committed 138496K, reserved 1171456K
  class space    used 18508K, committed 19072K, reserved 1048576K
}
Event: 295.122 GC heap before
{Heap before GC invocations=60 (full 0):
 garbage-first heap   total 413696K, used 331480K [0x0000000080000000, 0x0000000100000000)
  region size 1024K, 109 young (111616K), 1 survivors (1024K)
 Metaspace       used 140768K, committed 141888K, reserved 1171456K
  class space    used 18914K, committed 19456K, reserved 1048576K
}
Event: 295.127 GC heap after
{Heap after GC invocations=61 (full 0):
 garbage-first heap   total 413696K, used 222208K [0x0000000080000000, 0x0000000100000000)
  region size 1024K, 1 young (1024K), 1 survivors (1024K)
 Metaspace       used 140768K, committed 141888K, reserved 1171456K
  class space    used 18914K, committed 19456K, reserved 1048576K
}
Event: 298.489 GC heap before
{Heap before GC invocations=62 (full 0):
 garbage-first heap   total 413696K, used 337920K [0x0000000080000000, 0x0000000100000000)
  region size 1024K, 115 young (117760K), 1 survivors (1024K)
 Metaspace       used 141168K, committed 142272K, reserved 1171456K
  class space    used 18912K, committed 19456K, reserved 1048576K
}
Event: 298.495 GC heap after
{Heap after GC invocations=63 (full 0):
 garbage-first heap   total 413696K, used 221612K [0x0000000080000000, 0x0000000100000000)
  region size 1024K, 2 young (2048K), 2 survivors (2048K)
 Metaspace       used 141168K, committed 142272K, reserved 1171456K
  class space    used 18912K, committed 19456K, reserved 1048576K
}
Event: 298.705 GC heap before
{Heap before GC invocations=63 (full 0):
 garbage-first heap   total 413696K, used 240044K [0x0000000080000000, 0x0000000100000000)
  region size 1024K, 20 young (20480K), 2 survivors (2048K)
 Metaspace       used 141185K, committed 142272K, reserved 1171456K
  class space    used 18913K, committed 19456K, reserved 1048576K
}
Event: 298.712 GC heap after
{Heap after GC invocations=64 (full 0):
 garbage-first heap   total 413696K, used 216457K [0x0000000080000000, 0x0000000100000000)
  region size 1024K, 2 young (2048K), 2 survivors (2048K)
 Metaspace       used 141185K, committed 142272K, reserved 1171456K
  class space    used 18913K, committed 19456K, reserved 1048576K
}
Event: 299.962 GC heap before
{Heap before GC invocations=64 (full 0):
 garbage-first heap   total 413696K, used 295305K [0x0000000080000000, 0x0000000100000000)
  region size 1024K, 80 young (81920K), 2 survivors (2048K)
 Metaspace       used 141438K, committed 142528K, reserved 1179648K
  class space    used 18913K, committed 19456K, reserved 1048576K
}
Event: 299.967 GC heap after
{Heap after GC invocations=65 (full 0):
 garbage-first heap   total 413696K, used 217770K [0x0000000080000000, 0x0000000100000000)
  region size 1024K, 3 young (3072K), 3 survivors (3072K)
 Metaspace       used 141438K, committed 142528K, reserved 1179648K
  class space    used 18913K, committed 19456K, reserved 1048576K
}

